[2020-10-31 09:33:32,348] INFO [job.views.get_queryset_from_cache:70 views] set view cache.key:index_1
[2020-10-31 09:40:29,481] INFO [job.views.get_queryset_from_cache:70 views] set view cache.key:index_1
[2020-10-31 09:41:07,851] INFO [job.views.get_queryset_from_cache:70 views] set view cache.key:index_1
[2020-11-02 21:20:40,603] INFO [job.views.get_queryset_from_cache:70 views] set view cache.key:index_1
[2020-11-02 21:34:07,879] INFO [job.views.get_queryset_from_cache:70 views] set view cache.key:index_1
[2020-11-03 22:48:20,014] INFO [job.views.get_queryset_from_cache:70 views] set view cache.key:index_1
[2020-11-04 00:01:57,441] INFO [job.views.get_queryset_from_cache:70 views] set view cache.key:index_1
[2020-11-04 19:19:53,526] INFO [job.views.get_queryset_from_cache:70 views] set view cache.key:index_1
[2020-11-04 19:22:44,994] INFO [job.views.get_queryset_from_cache:70 views] set view cache.key:index_1
[2020-11-04 19:24:25,296] INFO [job.views.get_queryset_from_cache:70 views] set view cache.key:index_1
[2020-11-04 19:26:26,512] INFO [job.views.get_queryset_from_cache:70 views] set view cache.key:index_1
[2020-11-04 21:35:19,325] INFO [job.views.get_queryset_from_cache:70 views] set view cache.key:index_1
[2020-11-04 21:36:09,530] INFO [job.views.get_queryset_from_cache:70 views] set view cache.key:index_1
[2020-11-04 21:38:30,127] INFO [job.views.get_queryset_from_cache:70 views] set view cache.key:index_1
[2020-11-04 21:40:02,245] INFO [job.views.get_queryset_from_cache:70 views] set view cache.key:index_1
[2020-11-04 21:41:09,484] INFO [job.views.get_queryset_from_cache:70 views] set view cache.key:index_1
[2020-11-04 21:45:05,224] INFO [job.views.get_queryset_from_cache:70 views] set view cache.key:index_1
[2020-11-04 21:45:10,563] INFO [job.views.get_queryset_from_cache:70 views] set view cache.key:index_1
[2020-11-04 21:48:45,841] INFO [job.views.get_queryset_from_cache:70 views] set view cache.key:index_1
[2020-11-04 21:58:49,895] INFO [job.views.get_queryset_from_cache:70 views] set view cache.key:index_1
[2020-11-04 22:01:52,724] INFO [job.views.get_queryset_from_cache:70 views] set view cache.key:index_1
[2020-11-04 22:06:02,792] INFO [job.views.get_queryset_from_cache:70 views] set view cache.key:index_1
[2020-11-05 17:35:59,114] INFO [job.views.get_queryset_from_cache:70 views] set view cache.key:index_1
[2020-11-05 17:40:13,147] INFO [job.views.get_queryset_from_cache:70 views] set view cache.key:index_1
[2020-11-05 21:58:55,135] INFO [job.views.get_queryset_from_cache:70 views] set view cache.key:index_1
[2020-11-05 22:04:18,707] INFO [job.views.get_queryset_from_cache:70 views] set view cache.key:index_1
[2020-11-05 22:06:00,727] INFO [job.views.get_queryset_from_cache:70 views] set view cache.key:index_1
[2020-11-05 22:08:39,354] INFO [job.views.get_queryset_from_cache:70 views] set view cache.key:index_1
[2020-11-05 22:20:05,200] INFO [job.views.get_queryset_from_cache:70 views] set view cache.key:index_1
[2020-11-05 22:25:43,041] INFO [job.views.get_queryset_from_cache:70 views] set view cache.key:index_1
[2020-11-05 22:26:02,768] INFO [job.views.get_queryset_from_cache:70 views] set view cache.key:index_1
[2020-11-05 22:27:03,262] INFO [job.views.get_queryset_from_cache:70 views] set view cache.key:index_1
[2020-11-05 22:36:19,456] INFO [job.views.get_queryset_from_cache:70 views] set view cache.key:index_1
[2020-11-05 23:11:11,136] INFO [job.views.get_queryset_from_cache:70 views] set view cache.key:index_1
[2020-11-06 00:02:39,777] INFO [job.views.get_queryset_from_cache:70 views] set view cache.key:index_1
[2020-11-06 00:10:59,435] INFO [yihang_website.utils.news:32 utils] cache_decorator set cache:get_current_site key:f5a5c6f34402dc683837f53ff02753fe
[2020-11-06 00:12:48,282] INFO [job.views.get_queryset_from_cache:70 views] set view cache.key:index_1
[2020-11-06 00:18:54,951] INFO [yihang_website.utils.news:32 utils] cache_decorator set cache:get_current_site key:d59d11f9d10c78fdf0f936dc9a8a95d6
[2020-11-06 00:22:43,607] INFO [yihang_website.utils.news:32 utils] cache_decorator set cache:get_current_site key:2fceb182e89bcc5b8ccf9abbf1e53741
[2020-11-06 00:28:35,764] INFO [yihang_website.utils.news:34 utils] cache_decorator set cache:get_current_site key:f667bc0b4ed966fa53c841c871bb4425
[2020-11-06 21:16:26,167] INFO [job.views.get_queryset_from_cache:70 views] set view cache.key:index_1
[2020-11-06 21:17:22,526] INFO [yihang_website.utils.news:34 utils] cache_decorator set cache:get_current_site key:eda5fbba5df190b6e621e089d4c95c97
[2020-11-06 21:23:21,545] INFO [yihang_website.utils.news:34 utils] cache_decorator set cache:get_current_site key:48ff317eb4ea5fb0c45de9941e98b58c
[2020-11-06 21:27:40,088] INFO [yihang_website.utils.news:34 utils] cache_decorator set cache:get_current_site key:38ea6aac3dfb985f0bf8e27ab8dc4f12
[2020-11-06 21:30:55,113] INFO [yihang_website.utils.news:34 utils] cache_decorator set cache:get_current_site key:e414a9cded5cd4551a290ad27acfeda2
[2020-11-06 21:31:28,930] INFO [yihang_website.utils.news:34 utils] cache_decorator set cache:get_current_site key:735f40f5f249bc457870091c5fcfaf6c
[2020-11-06 21:37:34,377] INFO [yihang_website.utils.news:34 utils] cache_decorator set cache:get_current_site key:bca51e291205dbb31c93e8c94a098bd2
[2020-11-06 21:52:47,086] INFO [yihang_website.utils.news:34 utils] cache_decorator set cache:get_current_site key:cf22e43d3f657c3052983c6130cf6005
[2020-11-06 21:57:51,375] INFO [yihang_website.utils.news:34 utils] cache_decorator set cache:get_current_site key:cf22e43d3f657c3052983c6130cf6005
[2020-11-06 22:04:00,537] INFO [yihang_website.utils.news:34 utils] cache_decorator set cache:get_current_site key:a8d705b7fde300cd9791674779906214
[2020-11-06 23:55:10,569] INFO [yihang_website.utils.news:34 utils] cache_decorator set cache:get_current_site key:9a09952af07e300c0685ef4a16c962f0
[2020-11-06 23:56:29,564] INFO [yihang_website.utils.news:34 utils] cache_decorator set cache:get_current_site key:9a09952af07e300c0685ef4a16c962f0
[2020-11-06 23:58:33,360] WARNING [django.security.csrf.log_response:228 log] Forbidden (CSRF cookie not set.): /admin/job/job/add/
[2020-11-06 23:58:39,394] INFO [yihang_website.utils.news:34 utils] cache_decorator set cache:get_current_site key:9a09952af07e300c0685ef4a16c962f0
[2020-11-06 23:58:51,909] INFO [yihang_website.utils.news:34 utils] cache_decorator set cache:get_current_site key:9a09952af07e300c0685ef4a16c962f0
[2020-11-06 23:59:08,785] INFO [yihang_website.utils.news:34 utils] cache_decorator set cache:get_current_site key:9a09952af07e300c0685ef4a16c962f0
[2020-11-06 23:59:49,838] INFO [yihang_website.utils.news:34 utils] cache_decorator set cache:get_current_site key:9a09952af07e300c0685ef4a16c962f0
[2020-11-06 23:59:51,059] INFO [yihang_website.utils.news:34 utils] cache_decorator set cache:get_current_site key:9a09952af07e300c0685ef4a16c962f0
[2020-11-07 00:00:03,978] INFO [yihang_website.utils.news:34 utils] cache_decorator set cache:get_current_site key:9a09952af07e300c0685ef4a16c962f0
[2020-11-07 11:53:26,604] INFO [yihang_website.utils.news:34 utils] cache_decorator set cache:get_current_site key:91df46152394a3370d1ee50ec6d65211
[2020-11-07 11:54:04,412] INFO [yihang_website.utils.news:34 utils] cache_decorator set cache:get_current_site key:91df46152394a3370d1ee50ec6d65211
[2020-11-07 11:54:58,450] INFO [yihang_website.utils.news:34 utils] cache_decorator set cache:get_current_site key:6c3a090a7aab03fbd75bdf80bda05fdb
[2020-11-07 11:56:02,888] INFO [yihang_website.utils.news:34 utils] cache_decorator set cache:get_current_site key:1b55b77ddd4aab49b2a2703dbff5f027
[2020-11-07 11:56:17,869] INFO [yihang_website.utils.news:34 utils] cache_decorator set cache:get_current_site key:1b55b77ddd4aab49b2a2703dbff5f027
[2020-11-07 11:56:27,677] INFO [yihang_website.utils.news:34 utils] cache_decorator set cache:get_current_site key:1b55b77ddd4aab49b2a2703dbff5f027
[2020-11-07 11:56:31,187] INFO [yihang_website.utils.news:34 utils] cache_decorator set cache:get_current_site key:1b55b77ddd4aab49b2a2703dbff5f027
[2020-11-07 12:22:49,356] INFO [yihang_website.utils.news:34 utils] cache_decorator set cache:get_current_site key:1ffa2ea1a86486ba31c495455a240b7d
[2020-11-07 12:23:29,409] INFO [yihang_website.utils.news:34 utils] cache_decorator set cache:get_current_site key:1ffa2ea1a86486ba31c495455a240b7d
[2020-11-07 12:33:17,987] INFO [yihang_website.utils.news:34 utils] cache_decorator set cache:get_current_site key:49112f0e9d8c7c6d6337d98dadfad9a0
[2020-11-07 12:33:44,409] INFO [job.views.get_queryset_from_cache:70 views] set view cache.key:index_1
[2020-11-07 12:33:55,030] INFO [yihang_website.utils.news:34 utils] cache_decorator set cache:get_current_site key:49112f0e9d8c7c6d6337d98dadfad9a0
[2020-11-07 12:35:03,436] INFO [yihang_website.utils.news:34 utils] cache_decorator set cache:get_current_site key:49112f0e9d8c7c6d6337d98dadfad9a0
[2020-11-08 15:27:21,465] INFO [job.views.get_queryset_from_cache:70 views] set view cache.key:index_1
[2020-11-08 15:30:06,005] INFO [job.views.get_queryset_from_cache:70 views] set view cache.key:index_1
[2020-11-08 15:33:43,803] INFO [job.views.get_queryset_from_cache:70 views] set view cache.key:index_1
[2020-11-08 15:37:11,093] INFO [job.views.get_queryset_from_cache:70 views] set view cache.key:index_1
[2020-11-08 15:52:21,723] INFO [job.views.get_queryset_from_cache:70 views] set view cache.key:index_1
[2020-11-08 16:00:26,688] INFO [job.views.get_queryset_from_cache:70 views] set view cache.key:index_1
[2020-11-08 16:11:19,262] INFO [job.views.get_queryset_from_cache:70 views] set view cache.key:index_1
[2020-11-08 16:22:21,212] INFO [job.views.get_queryset_from_cache:70 views] set view cache.key:index_1
[2020-11-08 16:26:50,680] INFO [job.views.get_queryset_from_cache:70 views] set view cache.key:index_1
[2020-11-08 16:33:14,828] INFO [job.views.get_queryset_from_cache:70 views] set view cache.key:index_1
[2020-11-08 16:37:27,836] INFO [job.views.get_queryset_from_cache:70 views] set view cache.key:index_1
[2020-11-08 16:38:31,692] INFO [job.views.get_queryset_from_cache:70 views] set view cache.key:index_1
[2020-11-08 16:40:13,909] INFO [job.views.get_queryset_from_cache:70 views] set view cache.key:index_1
[2020-11-08 16:41:42,741] INFO [job.views.get_queryset_from_cache:70 views] set view cache.key:index_1
[2020-11-08 16:44:39,201] INFO [job.views.get_queryset_from_cache:70 views] set view cache.key:index_1
[2020-11-08 16:47:05,580] INFO [job.views.get_queryset_from_cache:70 views] set view cache.key:index_1
[2020-11-08 16:49:50,875] INFO [job.views.get_queryset_from_cache:70 views] set view cache.key:index_1
[2020-11-08 16:52:48,771] INFO [job.views.get_queryset_from_cache:70 views] set view cache.key:index_1
[2020-11-08 17:11:48,019] INFO [job.views.get_queryset_from_cache:70 views] set view cache.key:index_1
[2020-11-08 17:12:58,648] INFO [job.views.get_queryset_from_cache:70 views] set view cache.key:index_1
[2020-11-08 17:13:56,865] INFO [job.views.get_queryset_from_cache:70 views] set view cache.key:index_1
[2020-11-08 19:57:05,852] INFO [job.views.get_queryset_from_cache:70 views] set view cache.key:index_1
[2020-11-08 19:58:24,289] INFO [yihang_website.utils.news:34 utils] cache_decorator set cache:get_current_site key:201fef1534402ce1bdf57ad67dc1504e
[2020-11-08 20:03:38,627] INFO [yihang_website.utils.news:34 utils] cache_decorator set cache:get_current_site key:5a86d568a4255eba58b4dcd5ac6e6775
[2020-11-08 20:15:52,319] INFO [yihang_website.utils.news:34 utils] cache_decorator set cache:get_current_site key:82a037cd55319390f6eba4a119042f3e
[2020-11-08 21:02:09,185] INFO [yihang_website.utils.news:34 utils] cache_decorator set cache:get_current_site key:82a037cd55319390f6eba4a119042f3e
[2020-11-08 21:43:57,775] INFO [yihang_website.utils.news:34 utils] cache_decorator set cache:get_current_site key:82a037cd55319390f6eba4a119042f3e
[2020-11-08 21:44:41,055] INFO [yihang_website.utils.news:34 utils] cache_decorator set cache:get_current_site key:60fa8ade01ff5d92bc5e66c8fbae7e83
[2020-11-08 21:44:45,705] INFO [yihang_website.utils.news:34 utils] cache_decorator set cache:get_current_site key:60fa8ade01ff5d92bc5e66c8fbae7e83
[2020-11-08 21:46:12,923] INFO [job.views.get_queryset_from_cache:70 views] set view cache.key:index_1
[2020-11-08 21:46:43,470] INFO [yihang_website.utils.news:34 utils] cache_decorator set cache:get_current_site key:60fa8ade01ff5d92bc5e66c8fbae7e83
[2020-11-08 21:47:08,386] INFO [job.views.get_queryset_from_cache:70 views] set view cache.key:index_1
[2020-11-08 22:05:38,900] INFO [yihang_website.utils.news:34 utils] cache_decorator set cache:get_current_site key:2e43ef71d2eac94cd2c30ec249a77c01
[2020-11-08 22:32:59,235] INFO [yihang_website.utils.news:34 utils] cache_decorator set cache:get_current_site key:10c2b981d4d8dbbe4002f28f0a4d598d
[2020-11-08 22:33:12,883] INFO [job.views.get_queryset_from_cache:70 views] set view cache.key:index_1
[2020-11-08 22:33:30,032] INFO [yihang_website.utils.news:34 utils] cache_decorator set cache:get_current_site key:10c2b981d4d8dbbe4002f28f0a4d598d
[2020-11-08 22:37:51,034] INFO [yihang_website.utils.news:34 utils] cache_decorator set cache:get_current_site key:d3411d442ded259d01490d982d46bef9
[2020-11-08 22:39:38,614] INFO [yihang_website.utils.news:34 utils] cache_decorator set cache:get_current_site key:73dab945bbc5bd1717f3ab02285c8b2a
[2020-11-08 22:40:16,084] INFO [yihang_website.utils.news:34 utils] cache_decorator set cache:get_current_site key:4956616c7b33bf58a53710584df6901d
[2020-11-08 22:41:49,679] INFO [yihang_website.utils.news:34 utils] cache_decorator set cache:get_current_site key:2598519c207928567f940aa4eedec1d7
[2020-11-10 20:43:09,499] INFO [job.views.get_queryset_from_cache:70 views] set view cache.key:index_1
[2020-11-10 20:43:39,613] INFO [yihang_website.utils.news:34 utils] cache_decorator set cache:get_current_site key:3f1031d1909297903299d2d7a56ee76e
[2020-11-10 21:29:21,708] INFO [yihang_website.utils.news:34 utils] cache_decorator set cache:get_current_site key:076fa299cade2329b1b9d03247aebc93
[2020-11-10 21:30:32,410] INFO [yihang_website.utils.news:34 utils] cache_decorator set cache:get_current_site key:f78464241f57e2fdea6a7e69148d5642
[2020-11-10 21:34:53,820] INFO [yihang_website.utils.news:34 utils] cache_decorator set cache:get_current_site key:b522a87319a6bf31578507d2cd9466fa
[2020-11-10 21:35:03,290] INFO [yihang_website.utils.news:34 utils] cache_decorator set cache:get_current_site key:b522a87319a6bf31578507d2cd9466fa
[2020-11-10 21:43:26,739] INFO [yihang_website.utils.news:34 utils] cache_decorator set cache:get_current_site key:134d84bc93dcbc8542c3b6b0a9235ba6
[2020-11-10 21:43:33,121] INFO [yihang_website.utils.news:34 utils] cache_decorator set cache:get_current_site key:134d84bc93dcbc8542c3b6b0a9235ba6
[2020-11-10 21:44:27,162] INFO [yihang_website.utils.news:34 utils] cache_decorator set cache:get_current_site key:d653ef0c1a25466218548b35200118c1
[2020-11-10 21:44:52,752] INFO [yihang_website.utils.news:34 utils] cache_decorator set cache:get_current_site key:d653ef0c1a25466218548b35200118c1
[2020-11-10 21:53:13,382] INFO [yihang_website.utils.news:34 utils] cache_decorator set cache:get_current_site key:c6a617ee0a10a0b2561e8307a562f843
[2020-11-10 21:53:38,067] INFO [yihang_website.utils.news:34 utils] cache_decorator set cache:get_current_site key:c6a617ee0a10a0b2561e8307a562f843
[2020-11-10 21:53:45,385] INFO [yihang_website.utils.news:34 utils] cache_decorator set cache:get_current_site key:c6a617ee0a10a0b2561e8307a562f843
[2020-11-10 21:55:33,481] INFO [job.views.get_queryset_from_cache:70 views] set view cache.key:index_1
[2020-11-10 21:55:43,606] INFO [yihang_website.utils.news:34 utils] cache_decorator set cache:get_current_site key:3b30ef195b69a5eacff7af2b8d0d52eb
[2020-11-10 21:55:51,984] INFO [yihang_website.utils.news:34 utils] cache_decorator set cache:get_current_site key:3b30ef195b69a5eacff7af2b8d0d52eb
[2020-11-10 22:02:54,058] INFO [yihang_website.utils.news:34 utils] cache_decorator set cache:get_current_site key:875fc1ffed323884156793044d318af3
[2020-11-10 22:14:12,199] INFO [yihang_website.utils.news:34 utils] cache_decorator set cache:get_current_site key:178fcecfa3e95dd9c7c5474cda986386
[2020-11-10 22:14:20,440] INFO [yihang_website.utils.news:34 utils] cache_decorator set cache:get_current_site key:178fcecfa3e95dd9c7c5474cda986386
[2020-11-10 23:20:47,700] INFO [job.views.get_queryset_from_cache:70 views] set view cache.key:index_1
[2020-11-10 23:21:19,720] INFO [job.views.get_queryset_from_cache:70 views] set view cache.key:index_1
[2020-11-10 23:21:32,946] INFO [yihang_website.utils.news:34 utils] cache_decorator set cache:get_current_site key:af1fd7415eef8057ea3307f011de241f
[2020-11-10 23:21:42,712] INFO [yihang_website.utils.news:34 utils] cache_decorator set cache:get_current_site key:af1fd7415eef8057ea3307f011de241f
[2020-11-10 23:22:19,967] INFO [yihang_website.utils.news:34 utils] cache_decorator set cache:get_current_site key:54384e1c4ccac01c23040919d34a268e
[2020-11-10 23:39:08,627] INFO [job.views.get_queryset_from_cache:70 views] set view cache.key:index_1
[2020-11-11 20:55:38,460] INFO [job.views.get_queryset_from_cache:70 views] set view cache.key:index_1
[2020-11-11 21:14:37,779] INFO [job.views.get_queryset_from_cache:70 views] set view cache.key:index_1
[2020-11-11 21:14:53,012] INFO [yihang_website.utils.news:34 utils] cache_decorator set cache:get_current_site key:e13d81c0868f4bb8bcba5c1b9463efb9
[2020-11-11 21:16:21,509] INFO [yihang_website.utils.news:34 utils] cache_decorator set cache:get_current_site key:e13d81c0868f4bb8bcba5c1b9463efb9
[2020-11-11 21:16:29,779] INFO [yihang_website.utils.news:34 utils] cache_decorator set cache:get_current_site key:e13d81c0868f4bb8bcba5c1b9463efb9
[2020-11-11 21:16:39,577] INFO [yihang_website.utils.news:34 utils] cache_decorator set cache:get_current_site key:e13d81c0868f4bb8bcba5c1b9463efb9
[2020-11-11 21:17:27,336] INFO [yihang_website.utils.news:34 utils] cache_decorator set cache:get_current_site key:e13d81c0868f4bb8bcba5c1b9463efb9
[2020-11-11 21:18:16,668] INFO [yihang_website.utils.news:34 utils] cache_decorator set cache:get_current_site key:e13d81c0868f4bb8bcba5c1b9463efb9
[2020-11-11 21:19:02,331] INFO [job.views.get_queryset_from_cache:70 views] set view cache.key:index_1
[2020-11-11 21:19:07,837] INFO [job.views.get_queryset_from_cache:70 views] set view cache.key:index_1
[2020-11-11 21:19:13,672] INFO [job.views.get_queryset_from_cache:70 views] set view cache.key:index_1
[2020-11-11 21:19:30,314] INFO [job.views.get_queryset_from_cache:70 views] set view cache.key:index_1
[2020-11-11 21:19:33,431] INFO [job.views.get_queryset_from_cache:70 views] set view cache.key:index_1
[2020-11-11 21:24:14,741] INFO [job.views.get_queryset_from_cache:70 views] set view cache.key:index_1
[2020-11-11 21:26:18,216] INFO [job.views.get_queryset_from_cache:70 views] set view cache.key:index_1
[2020-11-11 21:27:39,353] INFO [job.views.get_queryset_from_cache:70 views] set view cache.key:index_1
[2020-11-11 21:36:56,415] INFO [job.views.get_queryset_from_cache:70 views] set view cache.key:index_1
[2020-11-11 21:37:09,897] INFO [job.views.get_queryset_from_cache:70 views] set view cache.key:index_1
[2020-11-11 21:38:38,689] INFO [job.views.get_queryset_from_cache:70 views] set view cache.key:index_1
[2020-11-11 21:39:39,309] INFO [job.views.get_queryset_from_cache:70 views] set view cache.key:index_1
[2020-11-11 22:07:35,870] INFO [job.views.get_queryset_from_cache:70 views] set view cache.key:index_1
[2020-11-11 22:07:41,113] INFO [job.context_processors.seo_processor:29 context_processors] set processor cache.
[2020-11-11 22:09:27,929] INFO [job.views.get_queryset_from_cache:70 views] set view cache.key:index_1
[2020-11-11 22:09:31,745] INFO [job.context_processors.seo_processor:29 context_processors] set processor cache.
[2020-11-11 22:09:31,800] INFO [yihang_website.utils.get_blog_setting:74 utils] set cache get_blog_setting
[2020-11-11 22:09:54,096] INFO [job.context_processors.seo_processor:29 context_processors] set processor cache.
[2020-11-11 22:09:54,153] INFO [yihang_website.utils.get_blog_setting:74 utils] set cache get_blog_setting
[2020-11-11 22:09:56,419] INFO [yihang_website.utils.news:34 utils] cache_decorator set cache:get_current_site key:8f4401e8f37727e62d88e7650760a436
[2020-11-11 22:10:05,803] INFO [job.context_processors.seo_processor:29 context_processors] set processor cache.
[2020-11-11 22:10:05,824] INFO [yihang_website.utils.get_blog_setting:74 utils] set cache get_blog_setting
[2020-11-11 22:10:18,388] INFO [job.context_processors.seo_processor:29 context_processors] set processor cache.
[2020-11-11 22:10:18,411] INFO [yihang_website.utils.get_blog_setting:74 utils] set cache get_blog_setting
[2020-11-11 22:10:21,142] INFO [yihang_website.utils.news:34 utils] cache_decorator set cache:get_current_site key:8f4401e8f37727e62d88e7650760a436
[2020-11-11 22:10:21,187] INFO [job.context_processors.seo_processor:29 context_processors] set processor cache.
[2020-11-11 22:10:21,208] INFO [yihang_website.utils.get_blog_setting:74 utils] set cache get_blog_setting
[2020-11-11 22:10:31,571] INFO [job.context_processors.seo_processor:29 context_processors] set processor cache.
[2020-11-11 22:10:31,700] INFO [yihang_website.utils.get_blog_setting:74 utils] set cache get_blog_setting
[2020-11-11 22:10:35,280] INFO [yihang_website.utils.news:34 utils] cache_decorator set cache:get_current_site key:8f4401e8f37727e62d88e7650760a436
[2020-11-11 22:10:35,314] INFO [job.context_processors.seo_processor:29 context_processors] set processor cache.
[2020-11-11 22:10:35,331] INFO [yihang_website.utils.get_blog_setting:74 utils] set cache get_blog_setting
[2020-11-11 22:10:41,791] INFO [job.context_processors.seo_processor:29 context_processors] set processor cache.
[2020-11-11 22:10:41,806] INFO [yihang_website.utils.get_blog_setting:74 utils] set cache get_blog_setting
[2020-11-11 22:10:44,023] INFO [job.views.get_queryset_from_cache:70 views] set view cache.key:index_1
[2020-11-11 22:10:44,059] INFO [job.context_processors.seo_processor:29 context_processors] set processor cache.
[2020-11-11 22:10:44,078] INFO [yihang_website.utils.get_blog_setting:74 utils] set cache get_blog_setting
[2020-11-11 22:13:06,093] INFO [job.views.get_queryset_from_cache:70 views] set view cache.key:index_1
[2020-11-11 22:13:06,152] INFO [job.context_processors.seo_processor:29 context_processors] set processor cache.
[2020-11-11 22:13:06,179] INFO [yihang_website.utils.get_blog_setting:74 utils] set cache get_blog_setting
[2020-11-11 22:14:16,993] INFO [job.views.get_queryset_from_cache:70 views] set view cache.key:index_1
[2020-11-11 22:14:17,148] INFO [job.context_processors.seo_processor:29 context_processors] set processor cache.
[2020-11-11 22:14:17,191] INFO [yihang_website.utils.get_blog_setting:74 utils] set cache get_blog_setting
[2020-11-11 22:29:46,942] INFO [job.views.get_queryset_from_cache:70 views] set view cache.key:index_1
[2020-11-11 22:29:47,015] INFO [job.context_processors.seo_processor:29 context_processors] set processor cache.
[2020-11-11 22:29:47,044] INFO [yihang_website.utils.get_blog_setting:74 utils] set cache get_blog_setting
[2020-11-11 22:30:12,364] INFO [job.views.get_queryset_from_cache:70 views] set view cache.key:index_1
[2020-11-11 22:30:12,422] INFO [job.context_processors.seo_processor:29 context_processors] set processor cache.
[2020-11-11 22:30:12,449] INFO [yihang_website.utils.get_blog_setting:74 utils] set cache get_blog_setting
[2020-11-11 22:34:41,573] INFO [job.views.get_queryset_from_cache:70 views] set view cache.key:index_1
[2020-11-11 22:34:41,654] INFO [job.context_processors.seo_processor:29 context_processors] set processor cache.
[2020-11-11 22:34:41,694] INFO [yihang_website.utils.get_blog_setting:74 utils] set cache get_blog_setting
[2020-11-11 23:10:28,491] INFO [job.views.get_queryset_from_cache:70 views] set view cache.key:index_1
[2020-11-11 23:10:28,644] INFO [job.context_processors.seo_processor:29 context_processors] set processor cache.
[2020-11-11 23:10:28,665] INFO [yihang_website.utils.get_blog_setting:74 utils] set cache get_blog_setting
[2020-11-11 23:12:40,426] INFO [job.views.get_queryset_from_cache:70 views] set view cache.key:index_1
[2020-11-11 23:12:40,507] INFO [job.context_processors.seo_processor:29 context_processors] set processor cache.
[2020-11-11 23:12:40,527] INFO [yihang_website.utils.get_blog_setting:74 utils] set cache get_blog_setting
[2020-11-11 23:12:52,726] INFO [yihang_website.utils.news:34 utils] cache_decorator set cache:get_current_site key:f34113c19713781b70e1db5b7171b0f0
[2020-11-11 23:12:52,926] INFO [job.context_processors.seo_processor:29 context_processors] set processor cache.
[2020-11-11 23:12:52,947] INFO [yihang_website.utils.get_blog_setting:74 utils] set cache get_blog_setting
[2020-11-11 23:13:03,614] INFO [job.context_processors.seo_processor:29 context_processors] set processor cache.
[2020-11-11 23:13:03,630] INFO [yihang_website.utils.get_blog_setting:74 utils] set cache get_blog_setting
[2020-11-11 23:13:12,045] INFO [yihang_website.utils.news:34 utils] cache_decorator set cache:get_current_site key:f34113c19713781b70e1db5b7171b0f0
[2020-11-11 23:13:12,091] INFO [job.context_processors.seo_processor:29 context_processors] set processor cache.
[2020-11-11 23:13:12,140] INFO [yihang_website.utils.get_blog_setting:74 utils] set cache get_blog_setting
[2020-11-11 23:13:20,393] INFO [job.context_processors.seo_processor:29 context_processors] set processor cache.
[2020-11-11 23:13:20,409] INFO [yihang_website.utils.get_blog_setting:74 utils] set cache get_blog_setting
[2020-11-11 23:13:23,809] INFO [yihang_website.utils.news:34 utils] cache_decorator set cache:get_current_site key:f34113c19713781b70e1db5b7171b0f0
[2020-11-11 23:13:23,840] INFO [job.context_processors.seo_processor:29 context_processors] set processor cache.
[2020-11-11 23:13:23,867] INFO [yihang_website.utils.get_blog_setting:74 utils] set cache get_blog_setting
[2020-11-11 23:13:36,496] INFO [job.context_processors.seo_processor:29 context_processors] set processor cache.
[2020-11-11 23:13:36,515] INFO [yihang_website.utils.get_blog_setting:74 utils] set cache get_blog_setting
[2020-11-11 23:13:41,024] INFO [job.views.get_queryset_from_cache:70 views] set view cache.key:index_1
[2020-11-11 23:13:41,068] INFO [job.context_processors.seo_processor:29 context_processors] set processor cache.
[2020-11-11 23:13:41,097] INFO [yihang_website.utils.get_blog_setting:74 utils] set cache get_blog_setting
[2020-11-11 23:23:25,938] INFO [job.views.get_queryset_from_cache:70 views] set view cache.key:index_1
[2020-11-11 23:23:26,040] INFO [job.context_processors.seo_processor:29 context_processors] set processor cache.
[2020-11-11 23:23:26,064] INFO [yihang_website.utils.get_blog_setting:74 utils] set cache get_blog_setting
[2020-11-12 22:22:26,351] INFO [job.views.get_queryset_from_cache:70 views] set view cache.key:index_1
[2020-11-12 22:22:26,668] INFO [job.context_processors.seo_processor:29 context_processors] set processor cache.
[2020-11-12 22:22:26,723] INFO [yihang_website.utils.get_blog_setting:74 utils] set cache get_blog_setting
[2020-11-12 22:22:52,207] INFO [job.context_processors.seo_processor:29 context_processors] set processor cache.
[2020-11-12 22:22:52,220] INFO [yihang_website.utils.get_blog_setting:74 utils] set cache get_blog_setting
[2020-11-12 23:08:34,332] INFO [job.context_processors.seo_processor:29 context_processors] set processor cache.
[2020-11-12 23:08:34,338] INFO [yihang_website.utils.get_blog_setting:74 utils] set cache get_blog_setting
[2020-11-12 23:08:37,468] INFO [yihang_website.utils.news:34 utils] cache_decorator set cache:get_current_site key:8f59aeadf2eaab897e50cfc471195f7e
[2020-11-12 23:08:37,530] INFO [job.context_processors.seo_processor:29 context_processors] set processor cache.
[2020-11-12 23:08:37,536] INFO [yihang_website.utils.get_blog_setting:74 utils] set cache get_blog_setting
[2020-11-13 19:47:42,675] INFO [job.views.get_queryset_from_cache:70 views] set view cache.key:index_1
[2020-11-13 19:47:43,204] INFO [job.context_processors.seo_processor:29 context_processors] set processor cache.
[2020-11-13 19:47:43,235] INFO [yihang_website.utils.get_blog_setting:74 utils] set cache get_blog_setting
[2020-11-13 19:56:53,568] INFO [job.views.get_queryset_from_cache:70 views] set view cache.key:index_1
[2020-11-13 19:56:53,649] INFO [job.context_processors.seo_processor:29 context_processors] set processor cache.
[2020-11-13 19:56:53,667] INFO [yihang_website.utils.get_blog_setting:74 utils] set cache get_blog_setting
[2020-11-13 19:59:24,461] INFO [job.context_processors.seo_processor:29 context_processors] set processor cache.
[2020-11-13 19:59:24,487] INFO [yihang_website.utils.get_blog_setting:74 utils] set cache get_blog_setting
[2020-11-13 20:00:08,269] INFO [job.context_processors.seo_processor:29 context_processors] set processor cache.
[2020-11-13 20:00:08,333] INFO [yihang_website.utils.get_blog_setting:74 utils] set cache get_blog_setting
[2020-11-13 20:00:17,213] INFO [job.context_processors.seo_processor:29 context_processors] set processor cache.
[2020-11-13 20:00:17,259] INFO [yihang_website.utils.get_blog_setting:74 utils] set cache get_blog_setting
[2020-11-13 20:00:19,959] INFO [job.context_processors.seo_processor:29 context_processors] set processor cache.
[2020-11-13 20:00:19,986] INFO [yihang_website.utils.get_blog_setting:74 utils] set cache get_blog_setting
[2020-11-13 20:00:23,112] INFO [yihang_website.utils.news:34 utils] cache_decorator set cache:get_current_site key:8cd354250d8e5f3976ebe4f1d95a0a0c
[2020-11-13 20:00:23,165] INFO [job.context_processors.seo_processor:29 context_processors] set processor cache.
[2020-11-13 20:00:23,189] INFO [yihang_website.utils.get_blog_setting:74 utils] set cache get_blog_setting
[2020-11-13 20:00:27,901] INFO [job.context_processors.seo_processor:29 context_processors] set processor cache.
[2020-11-13 20:00:27,924] INFO [yihang_website.utils.get_blog_setting:74 utils] set cache get_blog_setting
[2020-11-13 20:00:30,473] INFO [yihang_website.utils.news:34 utils] cache_decorator set cache:get_current_site key:8cd354250d8e5f3976ebe4f1d95a0a0c
[2020-11-13 20:00:30,480] INFO [job.context_processors.seo_processor:29 context_processors] set processor cache.
[2020-11-13 20:00:30,484] INFO [yihang_website.utils.get_blog_setting:74 utils] set cache get_blog_setting
[2020-11-13 20:00:35,437] INFO [job.context_processors.seo_processor:29 context_processors] set processor cache.
[2020-11-13 20:00:35,469] INFO [yihang_website.utils.get_blog_setting:74 utils] set cache get_blog_setting
[2020-11-13 20:00:50,234] INFO [job.context_processors.seo_processor:29 context_processors] set processor cache.
[2020-11-13 20:00:50,258] INFO [yihang_website.utils.get_blog_setting:74 utils] set cache get_blog_setting
[2020-11-13 20:00:55,796] INFO [job.context_processors.seo_processor:29 context_processors] set processor cache.
[2020-11-13 20:00:55,800] INFO [yihang_website.utils.get_blog_setting:74 utils] set cache get_blog_setting
[2020-11-13 20:01:07,092] INFO [job.context_processors.seo_processor:29 context_processors] set processor cache.
[2020-11-13 20:01:07,115] INFO [yihang_website.utils.get_blog_setting:74 utils] set cache get_blog_setting
[2020-11-13 20:01:08,153] INFO [job.context_processors.seo_processor:29 context_processors] set processor cache.
[2020-11-13 20:01:08,157] INFO [yihang_website.utils.get_blog_setting:74 utils] set cache get_blog_setting
[2020-11-13 20:01:16,303] INFO [job.context_processors.seo_processor:29 context_processors] set processor cache.
[2020-11-13 20:01:16,315] INFO [yihang_website.utils.get_blog_setting:74 utils] set cache get_blog_setting
[2020-11-13 20:01:23,178] INFO [job.context_processors.seo_processor:29 context_processors] set processor cache.
[2020-11-13 20:01:23,195] INFO [yihang_website.utils.get_blog_setting:74 utils] set cache get_blog_setting
[2020-11-13 20:08:41,314] INFO [yihang_website.utils.news:34 utils] cache_decorator set cache:get_current_site key:2b0ca4c04c63f14d40534ac6933a3233
[2020-11-13 20:08:41,466] INFO [job.context_processors.seo_processor:29 context_processors] set processor cache.
[2020-11-13 20:08:41,477] INFO [yihang_website.utils.get_blog_setting:74 utils] set cache get_blog_setting
[2020-11-13 20:09:37,534] INFO [job.context_processors.seo_processor:29 context_processors] set processor cache.
[2020-11-13 20:09:37,554] INFO [yihang_website.utils.get_blog_setting:74 utils] set cache get_blog_setting
[2020-11-13 20:09:58,114] INFO [job.context_processors.seo_processor:29 context_processors] set processor cache.
[2020-11-13 20:09:58,126] INFO [yihang_website.utils.get_blog_setting:74 utils] set cache get_blog_setting
[2020-11-13 20:10:05,038] INFO [job.context_processors.seo_processor:29 context_processors] set processor cache.
[2020-11-13 20:10:05,043] INFO [yihang_website.utils.get_blog_setting:74 utils] set cache get_blog_setting
[2020-11-13 20:10:08,876] INFO [job.context_processors.seo_processor:29 context_processors] set processor cache.
[2020-11-13 20:10:08,881] INFO [yihang_website.utils.get_blog_setting:74 utils] set cache get_blog_setting
[2020-11-13 20:10:14,140] INFO [job.context_processors.seo_processor:29 context_processors] set processor cache.
[2020-11-13 20:10:14,153] INFO [yihang_website.utils.get_blog_setting:74 utils] set cache get_blog_setting
[2020-11-13 20:10:17,363] INFO [job.context_processors.seo_processor:29 context_processors] set processor cache.
[2020-11-13 20:10:17,379] INFO [yihang_website.utils.get_blog_setting:74 utils] set cache get_blog_setting
[2020-11-13 20:10:24,777] INFO [job.context_processors.seo_processor:29 context_processors] set processor cache.
[2020-11-13 20:10:24,808] INFO [yihang_website.utils.get_blog_setting:74 utils] set cache get_blog_setting
[2020-11-13 20:10:28,016] INFO [job.context_processors.seo_processor:29 context_processors] set processor cache.
[2020-11-13 20:10:28,024] INFO [yihang_website.utils.get_blog_setting:74 utils] set cache get_blog_setting
[2020-11-13 20:10:29,862] INFO [job.context_processors.seo_processor:29 context_processors] set processor cache.
[2020-11-13 20:10:29,866] INFO [yihang_website.utils.get_blog_setting:74 utils] set cache get_blog_setting
[2020-11-13 20:10:34,210] INFO [job.context_processors.seo_processor:29 context_processors] set processor cache.
[2020-11-13 20:10:34,214] INFO [yihang_website.utils.get_blog_setting:74 utils] set cache get_blog_setting
[2020-11-13 20:10:44,627] INFO [job.context_processors.seo_processor:29 context_processors] set processor cache.
[2020-11-13 20:10:44,642] INFO [yihang_website.utils.get_blog_setting:74 utils] set cache get_blog_setting
[2020-11-13 20:10:49,963] INFO [job.context_processors.seo_processor:29 context_processors] set processor cache.
[2020-11-13 20:10:49,974] INFO [yihang_website.utils.get_blog_setting:74 utils] set cache get_blog_setting
[2020-11-13 20:10:51,985] INFO [job.context_processors.seo_processor:29 context_processors] set processor cache.
[2020-11-13 20:10:51,988] INFO [yihang_website.utils.get_blog_setting:74 utils] set cache get_blog_setting
[2020-11-13 20:11:04,480] INFO [job.context_processors.seo_processor:29 context_processors] set processor cache.
[2020-11-13 20:11:04,493] INFO [yihang_website.utils.get_blog_setting:74 utils] set cache get_blog_setting
[2020-11-13 20:11:08,710] INFO [job.context_processors.seo_processor:29 context_processors] set processor cache.
[2020-11-13 20:11:08,714] INFO [yihang_website.utils.get_blog_setting:74 utils] set cache get_blog_setting
[2020-11-13 20:11:15,800] INFO [job.context_processors.seo_processor:29 context_processors] set processor cache.
[2020-11-13 20:11:15,815] INFO [yihang_website.utils.get_blog_setting:74 utils] set cache get_blog_setting
[2020-11-13 20:11:20,894] INFO [job.context_processors.seo_processor:29 context_processors] set processor cache.
[2020-11-13 20:11:20,898] INFO [yihang_website.utils.get_blog_setting:74 utils] set cache get_blog_setting
[2020-11-13 20:11:31,678] INFO [job.context_processors.seo_processor:29 context_processors] set processor cache.
[2020-11-13 20:11:31,682] INFO [yihang_website.utils.get_blog_setting:74 utils] set cache get_blog_setting
[2020-11-13 20:11:35,905] INFO [job.context_processors.seo_processor:29 context_processors] set processor cache.
[2020-11-13 20:11:35,909] INFO [yihang_website.utils.get_blog_setting:74 utils] set cache get_blog_setting
[2020-11-13 20:11:37,949] INFO [job.context_processors.seo_processor:29 context_processors] set processor cache.
[2020-11-13 20:11:37,952] INFO [yihang_website.utils.get_blog_setting:74 utils] set cache get_blog_setting
[2020-11-13 20:11:39,427] INFO [yihang_website.utils.news:34 utils] cache_decorator set cache:get_current_site key:2b0ca4c04c63f14d40534ac6933a3233
[2020-11-13 20:11:39,433] INFO [job.context_processors.seo_processor:29 context_processors] set processor cache.
[2020-11-13 20:11:39,439] INFO [yihang_website.utils.get_blog_setting:74 utils] set cache get_blog_setting
[2020-11-13 20:11:45,772] INFO [job.context_processors.seo_processor:29 context_processors] set processor cache.
[2020-11-13 20:11:45,781] INFO [yihang_website.utils.get_blog_setting:74 utils] set cache get_blog_setting
[2020-11-13 20:11:50,318] INFO [yihang_website.utils.news:34 utils] cache_decorator set cache:get_current_site key:2b0ca4c04c63f14d40534ac6933a3233
[2020-11-13 20:11:50,347] INFO [job.context_processors.seo_processor:29 context_processors] set processor cache.
[2020-11-13 20:11:50,362] INFO [yihang_website.utils.get_blog_setting:74 utils] set cache get_blog_setting
[2020-11-13 20:12:02,966] INFO [job.context_processors.seo_processor:29 context_processors] set processor cache.
[2020-11-13 20:12:02,970] INFO [yihang_website.utils.get_blog_setting:74 utils] set cache get_blog_setting
[2020-11-13 20:54:45,841] INFO [job.views.get_queryset_from_cache:70 views] set view cache.key:index_1
[2020-11-13 20:54:46,019] INFO [job.context_processors.seo_processor:29 context_processors] set processor cache.
[2020-11-13 20:54:46,068] INFO [yihang_website.utils.get_blog_setting:74 utils] set cache get_blog_setting
[2020-11-13 20:55:01,734] INFO [job.context_processors.seo_processor:29 context_processors] set processor cache.
[2020-11-13 20:55:01,757] INFO [yihang_website.utils.get_blog_setting:74 utils] set cache get_blog_setting
[2020-11-13 20:56:06,090] INFO [job.context_processors.seo_processor:29 context_processors] set processor cache.
[2020-11-13 20:56:06,100] INFO [yihang_website.utils.get_blog_setting:74 utils] set cache get_blog_setting
[2020-11-13 21:03:11,070] INFO [job.context_processors.seo_processor:29 context_processors] set processor cache.
[2020-11-13 21:03:11,082] INFO [yihang_website.utils.get_blog_setting:74 utils] set cache get_blog_setting
[2020-11-13 21:03:43,055] INFO [job.context_processors.seo_processor:29 context_processors] set processor cache.
[2020-11-13 21:03:43,075] INFO [yihang_website.utils.get_blog_setting:74 utils] set cache get_blog_setting
[2020-11-13 21:03:47,534] INFO [job.context_processors.seo_processor:29 context_processors] set processor cache.
[2020-11-13 21:03:47,539] INFO [yihang_website.utils.get_blog_setting:74 utils] set cache get_blog_setting
[2020-11-13 21:14:14,003] INFO [job.context_processors.seo_processor:29 context_processors] set processor cache.
[2020-11-13 21:14:14,007] INFO [yihang_website.utils.get_blog_setting:74 utils] set cache get_blog_setting
[2020-11-13 21:14:14,849] INFO [job.context_processors.seo_processor:29 context_processors] set processor cache.
[2020-11-13 21:14:14,861] INFO [yihang_website.utils.get_blog_setting:74 utils] set cache get_blog_setting
[2020-11-13 21:14:16,626] INFO [job.context_processors.seo_processor:29 context_processors] set processor cache.
[2020-11-13 21:14:16,631] INFO [yihang_website.utils.get_blog_setting:74 utils] set cache get_blog_setting
[2020-11-13 22:09:19,696] INFO [job.context_processors.seo_processor:29 context_processors] set processor cache.
[2020-11-13 22:09:19,700] INFO [yihang_website.utils.get_blog_setting:74 utils] set cache get_blog_setting
[2020-11-13 22:09:20,650] INFO [job.context_processors.seo_processor:29 context_processors] set processor cache.
[2020-11-13 22:09:20,659] INFO [yihang_website.utils.get_blog_setting:74 utils] set cache get_blog_setting
[2020-11-13 22:09:22,441] INFO [job.context_processors.seo_processor:29 context_processors] set processor cache.
[2020-11-13 22:09:22,446] INFO [yihang_website.utils.get_blog_setting:74 utils] set cache get_blog_setting
[2020-11-13 22:17:14,899] INFO [job.views.get_queryset_from_cache:70 views] set view cache.key:index_1
[2020-11-13 22:17:14,976] INFO [job.context_processors.seo_processor:29 context_processors] set processor cache.
[2020-11-13 22:17:15,007] INFO [yihang_website.utils.get_blog_setting:74 utils] set cache get_blog_setting
[2020-11-13 22:20:16,644] INFO [job.context_processors.seo_processor:29 context_processors] set processor cache.
[2020-11-13 22:20:16,657] INFO [yihang_website.utils.get_blog_setting:74 utils] set cache get_blog_setting
[2020-11-13 22:20:19,878] INFO [job.context_processors.seo_processor:29 context_processors] set processor cache.
[2020-11-13 22:20:19,882] INFO [yihang_website.utils.get_blog_setting:74 utils] set cache get_blog_setting
[2020-11-13 23:08:34,474] INFO [yihang_website.utils.news:34 utils] cache_decorator set cache:get_current_site key:3277dd8688b415f069168fc04590f26a
[2020-11-13 23:08:34,587] INFO [job.context_processors.seo_processor:29 context_processors] set processor cache.
[2020-11-13 23:08:34,591] INFO [yihang_website.utils.get_blog_setting:74 utils] set cache get_blog_setting
[2020-11-13 23:09:17,696] INFO [yihang_website.utils.news:34 utils] cache_decorator set cache:get_current_site key:3277dd8688b415f069168fc04590f26a
[2020-11-13 23:09:17,736] INFO [job.context_processors.seo_processor:29 context_processors] set processor cache.
[2020-11-13 23:09:17,744] INFO [yihang_website.utils.get_blog_setting:74 utils] set cache get_blog_setting
[2020-11-13 23:09:38,592] INFO [yihang_website.utils.news:34 utils] cache_decorator set cache:get_current_site key:3277dd8688b415f069168fc04590f26a
[2020-11-13 23:09:38,603] INFO [job.context_processors.seo_processor:29 context_processors] set processor cache.
[2020-11-13 23:09:38,606] INFO [yihang_website.utils.get_blog_setting:74 utils] set cache get_blog_setting
[2020-11-13 23:09:58,365] INFO [job.context_processors.seo_processor:29 context_processors] set processor cache.
[2020-11-13 23:09:58,384] INFO [yihang_website.utils.get_blog_setting:74 utils] set cache get_blog_setting
[2020-11-13 23:10:15,654] INFO [job.context_processors.seo_processor:29 context_processors] set processor cache.
[2020-11-13 23:10:15,658] INFO [yihang_website.utils.get_blog_setting:74 utils] set cache get_blog_setting
[2020-11-13 23:10:17,664] INFO [job.context_processors.seo_processor:29 context_processors] set processor cache.
[2020-11-13 23:10:17,669] INFO [yihang_website.utils.get_blog_setting:74 utils] set cache get_blog_setting
[2020-11-13 23:10:19,590] INFO [yihang_website.utils.news:34 utils] cache_decorator set cache:get_current_site key:3277dd8688b415f069168fc04590f26a
[2020-11-13 23:10:19,601] INFO [job.context_processors.seo_processor:29 context_processors] set processor cache.
[2020-11-13 23:10:19,630] INFO [yihang_website.utils.get_blog_setting:74 utils] set cache get_blog_setting
[2020-11-13 23:10:25,097] INFO [yihang_website.utils.news:34 utils] cache_decorator set cache:get_current_site key:3277dd8688b415f069168fc04590f26a
[2020-11-13 23:10:25,105] INFO [job.context_processors.seo_processor:29 context_processors] set processor cache.
[2020-11-13 23:10:25,110] INFO [yihang_website.utils.get_blog_setting:74 utils] set cache get_blog_setting
[2020-11-13 23:10:45,076] INFO [yihang_website.utils.news:34 utils] cache_decorator set cache:get_current_site key:3277dd8688b415f069168fc04590f26a
[2020-11-13 23:10:45,096] INFO [job.context_processors.seo_processor:29 context_processors] set processor cache.
[2020-11-13 23:10:45,106] INFO [yihang_website.utils.get_blog_setting:74 utils] set cache get_blog_setting
[2020-11-13 23:18:52,691] INFO [job.context_processors.seo_processor:29 context_processors] set processor cache.
[2020-11-13 23:18:52,696] INFO [yihang_website.utils.get_blog_setting:74 utils] set cache get_blog_setting
[2020-11-13 23:18:55,789] INFO [yihang_website.utils.news:34 utils] cache_decorator set cache:get_current_site key:3277dd8688b415f069168fc04590f26a
[2020-11-13 23:18:55,796] INFO [job.context_processors.seo_processor:29 context_processors] set processor cache.
[2020-11-13 23:18:55,800] INFO [yihang_website.utils.get_blog_setting:74 utils] set cache get_blog_setting
[2020-11-13 23:19:04,231] INFO [job.context_processors.seo_processor:29 context_processors] set processor cache.
[2020-11-13 23:19:04,236] INFO [yihang_website.utils.get_blog_setting:74 utils] set cache get_blog_setting
[2020-11-13 23:19:06,535] INFO [yihang_website.utils.news:34 utils] cache_decorator set cache:get_current_site key:3277dd8688b415f069168fc04590f26a
[2020-11-13 23:19:06,543] INFO [job.context_processors.seo_processor:29 context_processors] set processor cache.
[2020-11-13 23:19:06,547] INFO [yihang_website.utils.get_blog_setting:74 utils] set cache get_blog_setting
[2020-11-13 23:36:57,148] INFO [job.views.get_queryset_from_cache:70 views] set view cache.key:index_1
[2020-11-13 23:36:57,307] INFO [job.context_processors.seo_processor:29 context_processors] set processor cache.
[2020-11-13 23:36:57,344] INFO [yihang_website.utils.get_blog_setting:74 utils] set cache get_blog_setting
[2020-11-13 23:37:20,738] INFO [yihang_website.utils.news:34 utils] cache_decorator set cache:get_current_site key:6f7e8bb7414a36a38505e4efa6187ecf
[2020-11-13 23:37:20,817] INFO [job.context_processors.seo_processor:29 context_processors] set processor cache.
[2020-11-13 23:37:20,833] INFO [yihang_website.utils.get_blog_setting:74 utils] set cache get_blog_setting
[2020-11-13 23:45:03,894] INFO [yihang_website.utils.news:34 utils] cache_decorator set cache:get_current_site key:6098b7cecc6bf54eef124401784442ba
[2020-11-13 23:45:03,962] INFO [job.context_processors.seo_processor:29 context_processors] set processor cache.
[2020-11-13 23:45:03,967] INFO [yihang_website.utils.get_blog_setting:74 utils] set cache get_blog_setting
[2020-11-13 23:46:07,374] INFO [yihang_website.utils.news:34 utils] cache_decorator set cache:get_current_site key:d0ef90b575d50951c52d1e5adffe9ac0
[2020-11-13 23:46:07,429] INFO [job.context_processors.seo_processor:29 context_processors] set processor cache.
[2020-11-13 23:46:07,434] INFO [yihang_website.utils.get_blog_setting:74 utils] set cache get_blog_setting
[2020-11-13 23:46:21,116] INFO [yihang_website.utils.news:34 utils] cache_decorator set cache:get_current_site key:d0ef90b575d50951c52d1e5adffe9ac0
[2020-11-13 23:46:21,125] INFO [job.context_processors.seo_processor:29 context_processors] set processor cache.
[2020-11-13 23:46:21,129] INFO [yihang_website.utils.get_blog_setting:74 utils] set cache get_blog_setting
[2020-11-13 23:46:43,338] INFO [yihang_website.utils.news:34 utils] cache_decorator set cache:get_current_site key:d0ef90b575d50951c52d1e5adffe9ac0
[2020-11-13 23:46:43,345] INFO [job.context_processors.seo_processor:29 context_processors] set processor cache.
[2020-11-13 23:46:43,348] INFO [yihang_website.utils.get_blog_setting:74 utils] set cache get_blog_setting
[2020-11-13 23:46:48,508] INFO [job.context_processors.seo_processor:29 context_processors] set processor cache.
[2020-11-13 23:46:48,511] INFO [yihang_website.utils.get_blog_setting:74 utils] set cache get_blog_setting
[2020-11-13 23:46:51,057] INFO [yihang_website.utils.news:34 utils] cache_decorator set cache:get_current_site key:d0ef90b575d50951c52d1e5adffe9ac0
[2020-11-13 23:46:51,063] INFO [job.context_processors.seo_processor:29 context_processors] set processor cache.
[2020-11-13 23:46:51,067] INFO [yihang_website.utils.get_blog_setting:74 utils] set cache get_blog_setting
[2020-11-13 23:47:15,237] INFO [job.context_processors.seo_processor:29 context_processors] set processor cache.
[2020-11-13 23:47:15,245] INFO [yihang_website.utils.get_blog_setting:74 utils] set cache get_blog_setting
[2020-11-13 23:47:17,888] INFO [yihang_website.utils.news:34 utils] cache_decorator set cache:get_current_site key:d0ef90b575d50951c52d1e5adffe9ac0
[2020-11-13 23:47:17,899] INFO [job.context_processors.seo_processor:29 context_processors] set processor cache.
[2020-11-13 23:47:17,904] INFO [yihang_website.utils.get_blog_setting:74 utils] set cache get_blog_setting
[2020-11-13 23:47:41,685] INFO [job.context_processors.seo_processor:29 context_processors] set processor cache.
[2020-11-13 23:47:41,688] INFO [yihang_website.utils.get_blog_setting:74 utils] set cache get_blog_setting
[2020-11-13 23:48:57,714] INFO [job.context_processors.seo_processor:29 context_processors] set processor cache.
[2020-11-13 23:48:57,781] INFO [yihang_website.utils.get_blog_setting:74 utils] set cache get_blog_setting
[2020-11-13 23:57:07,972] INFO [yihang_website.utils.news:34 utils] cache_decorator set cache:get_current_site key:cb771ebd63732c0d96ca4411b945d998
[2020-11-13 23:57:08,026] INFO [job.context_processors.seo_processor:29 context_processors] set processor cache.
[2020-11-13 23:57:08,032] INFO [yihang_website.utils.get_blog_setting:74 utils] set cache get_blog_setting
[2020-11-13 23:57:14,571] INFO [job.context_processors.seo_processor:29 context_processors] set processor cache.
[2020-11-13 23:57:14,575] INFO [yihang_website.utils.get_blog_setting:74 utils] set cache get_blog_setting
[2020-11-13 23:57:16,309] INFO [yihang_website.utils.news:34 utils] cache_decorator set cache:get_current_site key:cb771ebd63732c0d96ca4411b945d998
[2020-11-13 23:57:16,319] INFO [job.context_processors.seo_processor:29 context_processors] set processor cache.
[2020-11-13 23:57:16,323] INFO [yihang_website.utils.get_blog_setting:74 utils] set cache get_blog_setting
[2020-11-13 23:57:19,844] INFO [job.context_processors.seo_processor:29 context_processors] set processor cache.
[2020-11-13 23:57:19,847] INFO [yihang_website.utils.get_blog_setting:74 utils] set cache get_blog_setting
[2020-11-13 23:57:21,012] INFO [yihang_website.utils.news:34 utils] cache_decorator set cache:get_current_site key:cb771ebd63732c0d96ca4411b945d998
[2020-11-13 23:57:21,018] INFO [job.context_processors.seo_processor:29 context_processors] set processor cache.
[2020-11-13 23:57:21,022] INFO [yihang_website.utils.get_blog_setting:74 utils] set cache get_blog_setting
[2020-11-13 23:57:26,957] INFO [job.context_processors.seo_processor:29 context_processors] set processor cache.
[2020-11-13 23:57:26,962] INFO [yihang_website.utils.get_blog_setting:74 utils] set cache get_blog_setting
[2020-11-13 23:57:28,553] INFO [yihang_website.utils.news:34 utils] cache_decorator set cache:get_current_site key:cb771ebd63732c0d96ca4411b945d998
[2020-11-13 23:57:28,560] INFO [job.context_processors.seo_processor:29 context_processors] set processor cache.
[2020-11-13 23:57:28,564] INFO [yihang_website.utils.get_blog_setting:74 utils] set cache get_blog_setting
[2020-11-13 23:57:33,448] INFO [job.context_processors.seo_processor:29 context_processors] set processor cache.
[2020-11-13 23:57:33,480] INFO [yihang_website.utils.get_blog_setting:74 utils] set cache get_blog_setting
[2020-11-13 23:57:35,962] INFO [yihang_website.utils.news:34 utils] cache_decorator set cache:get_current_site key:cb771ebd63732c0d96ca4411b945d998
[2020-11-13 23:57:35,968] INFO [job.context_processors.seo_processor:29 context_processors] set processor cache.
[2020-11-13 23:57:35,971] INFO [yihang_website.utils.get_blog_setting:74 utils] set cache get_blog_setting
[2020-11-13 23:57:45,855] INFO [job.context_processors.seo_processor:29 context_processors] set processor cache.
[2020-11-13 23:57:45,858] INFO [yihang_website.utils.get_blog_setting:74 utils] set cache get_blog_setting
[2020-11-13 23:57:47,947] INFO [yihang_website.utils.news:34 utils] cache_decorator set cache:get_current_site key:cb771ebd63732c0d96ca4411b945d998
[2020-11-13 23:57:47,954] INFO [job.context_processors.seo_processor:29 context_processors] set processor cache.
[2020-11-13 23:57:47,959] INFO [yihang_website.utils.get_blog_setting:74 utils] set cache get_blog_setting
[2020-11-13 23:57:53,920] INFO [job.context_processors.seo_processor:29 context_processors] set processor cache.
[2020-11-13 23:57:53,923] INFO [yihang_website.utils.get_blog_setting:74 utils] set cache get_blog_setting
[2020-11-14 00:02:31,586] INFO [job.views.get_queryset_from_cache:70 views] set view cache.key:index_1
[2020-11-14 00:02:31,700] INFO [job.context_processors.seo_processor:29 context_processors] set processor cache.
[2020-11-14 00:02:31,708] INFO [yihang_website.utils.get_blog_setting:74 utils] set cache get_blog_setting
[2020-11-14 08:55:10,479] INFO [job.views.get_queryset_from_cache:70 views] set view cache.key:index_1
[2020-11-14 08:55:10,686] INFO [job.context_processors.seo_processor:29 context_processors] set processor cache.
[2020-11-14 08:55:10,691] INFO [yihang_website.utils.get_blog_setting:74 utils] set cache get_blog_setting
[2020-11-14 08:58:07,259] INFO [job.views.get_queryset_from_cache:70 views] set view cache.key:index_1
[2020-11-14 08:58:07,320] INFO [job.context_processors.seo_processor:29 context_processors] set processor cache.
[2020-11-14 08:58:07,324] INFO [yihang_website.utils.get_blog_setting:74 utils] set cache get_blog_setting
[2020-11-14 08:58:45,994] INFO [job.views.get_queryset_from_cache:70 views] set view cache.key:index_1
[2020-11-14 08:58:46,033] INFO [job.context_processors.seo_processor:29 context_processors] set processor cache.
[2020-11-14 08:58:46,037] INFO [yihang_website.utils.get_blog_setting:74 utils] set cache get_blog_setting
[2020-11-14 09:01:32,344] INFO [job.views.get_queryset_from_cache:70 views] set view cache.key:index_1
[2020-11-14 09:01:32,407] INFO [job.context_processors.seo_processor:29 context_processors] set processor cache.
[2020-11-14 09:01:32,413] INFO [yihang_website.utils.get_blog_setting:74 utils] set cache get_blog_setting
[2020-11-14 09:07:57,606] INFO [job.views.get_queryset_from_cache:70 views] set view cache.key:index_1
[2020-11-14 09:07:57,713] INFO [job.context_processors.seo_processor:29 context_processors] set processor cache.
[2020-11-14 09:07:57,727] INFO [yihang_website.utils.get_blog_setting:74 utils] set cache get_blog_setting
[2020-11-14 09:08:37,568] INFO [job.views.get_queryset_from_cache:70 views] set view cache.key:index_1
[2020-11-14 09:08:37,732] INFO [job.context_processors.seo_processor:29 context_processors] set processor cache.
[2020-11-14 09:08:37,752] INFO [yihang_website.utils.get_blog_setting:74 utils] set cache get_blog_setting
[2020-11-14 10:23:56,553] INFO [yihang_website.utils.news:34 utils] cache_decorator set cache:get_current_site key:c6588bf8fb83e0386d464e7cfe9942bc
[2020-11-14 10:23:56,729] INFO [job.context_processors.seo_processor:29 context_processors] set processor cache.
[2020-11-14 10:23:56,762] INFO [yihang_website.utils.get_blog_setting:74 utils] set cache get_blog_setting
[2020-11-14 10:24:55,986] INFO [job.context_processors.seo_processor:29 context_processors] set processor cache.
[2020-11-14 10:24:56,010] INFO [yihang_website.utils.get_blog_setting:74 utils] set cache get_blog_setting
[2020-11-14 10:25:01,525] INFO [job.context_processors.seo_processor:29 context_processors] set processor cache.
[2020-11-14 10:25:01,535] INFO [yihang_website.utils.get_blog_setting:74 utils] set cache get_blog_setting
[2020-11-14 10:25:10,645] INFO [job.context_processors.seo_processor:29 context_processors] set processor cache.
[2020-11-14 10:25:10,649] INFO [yihang_website.utils.get_blog_setting:74 utils] set cache get_blog_setting
[2020-11-14 10:32:37,657] INFO [job.views.get_queryset_from_cache:70 views] set view cache.key:index_1
[2020-11-14 10:32:37,673] INFO [job.context_processors.seo_processor:29 context_processors] set processor cache.
[2020-11-14 10:32:37,680] INFO [yihang_website.utils.get_blog_setting:74 utils] set cache get_blog_setting
[2020-11-14 10:33:30,918] INFO [job.views.get_queryset_from_cache:70 views] set view cache.key:index_1
[2020-11-14 10:33:30,935] INFO [job.context_processors.seo_processor:29 context_processors] set processor cache.
[2020-11-14 10:33:30,940] INFO [yihang_website.utils.get_blog_setting:74 utils] set cache get_blog_setting
[2020-11-14 10:34:50,227] INFO [job.views.get_queryset_from_cache:70 views] set view cache.key:index_1
[2020-11-14 10:34:50,284] INFO [job.context_processors.seo_processor:29 context_processors] set processor cache.
[2020-11-14 10:34:50,295] INFO [yihang_website.utils.get_blog_setting:74 utils] set cache get_blog_setting
[2020-11-14 10:35:04,981] INFO [job.views.get_queryset_from_cache:70 views] set view cache.key:index_1
[2020-11-14 10:35:05,022] INFO [job.context_processors.seo_processor:29 context_processors] set processor cache.
[2020-11-14 10:35:05,029] INFO [yihang_website.utils.get_blog_setting:74 utils] set cache get_blog_setting
[2020-11-14 10:36:12,154] INFO [job.views.get_queryset_from_cache:70 views] set view cache.key:index_1
[2020-11-14 10:36:12,224] INFO [job.context_processors.seo_processor:29 context_processors] set processor cache.
[2020-11-14 10:36:12,236] INFO [yihang_website.utils.get_blog_setting:74 utils] set cache get_blog_setting
[2020-11-14 10:36:42,615] INFO [job.views.get_queryset_from_cache:70 views] set view cache.key:index_1
[2020-11-14 10:36:42,660] INFO [job.context_processors.seo_processor:29 context_processors] set processor cache.
[2020-11-14 10:36:42,670] INFO [yihang_website.utils.get_blog_setting:74 utils] set cache get_blog_setting
[2020-11-14 10:46:16,956] INFO [job.views.get_queryset_from_cache:70 views] set view cache.key:index_1
[2020-11-14 10:46:17,023] INFO [job.context_processors.seo_processor:29 context_processors] set processor cache.
[2020-11-14 10:46:17,032] INFO [yihang_website.utils.get_blog_setting:74 utils] set cache get_blog_setting
[2020-11-14 10:46:17,056] ERROR [job.templatetags.job_tags.datetimeformat:54 job_tags] 'Settings' object has no attribute 'DATE_TIME_FORMAT'
[2020-11-14 10:46:17,077] ERROR [job.templatetags.job_tags.datetimeformat:54 job_tags] 'Settings' object has no attribute 'DATE_TIME_FORMAT'
[2020-11-14 10:46:17,096] ERROR [job.templatetags.job_tags.datetimeformat:54 job_tags] 'Settings' object has no attribute 'DATE_TIME_FORMAT'
[2020-11-14 10:46:17,112] ERROR [job.templatetags.job_tags.datetimeformat:54 job_tags] 'Settings' object has no attribute 'DATE_TIME_FORMAT'
[2020-11-14 10:46:17,127] ERROR [job.templatetags.job_tags.datetimeformat:54 job_tags] 'Settings' object has no attribute 'DATE_TIME_FORMAT'
[2020-11-14 10:46:17,148] ERROR [job.templatetags.job_tags.datetimeformat:54 job_tags] 'Settings' object has no attribute 'DATE_TIME_FORMAT'
[2020-11-14 10:48:19,178] INFO [job.views.get_queryset_from_cache:70 views] set view cache.key:index_1
[2020-11-14 10:48:19,196] INFO [job.context_processors.seo_processor:29 context_processors] set processor cache.
[2020-11-14 10:48:19,201] INFO [yihang_website.utils.get_blog_setting:74 utils] set cache get_blog_setting
[2020-11-15 11:48:23,483] INFO [job.views.get_queryset_from_cache:70 views] set view cache.key:index_1
[2020-11-15 11:48:23,965] INFO [job.context_processors.seo_processor:29 context_processors] set processor cache.
[2020-11-15 11:48:24,082] INFO [yihang_website.utils.get_blog_setting:74 utils] set cache get_blog_setting
[2020-11-15 12:01:39,995] INFO [job.views.get_queryset_from_cache:70 views] set view cache.key:index_1
[2020-11-15 12:01:40,011] INFO [job.context_processors.seo_processor:29 context_processors] set processor cache.
[2020-11-15 12:01:40,015] INFO [yihang_website.utils.get_blog_setting:74 utils] set cache get_blog_setting
[2020-11-15 12:08:31,102] INFO [job.views.get_queryset_from_cache:70 views] set view cache.key:index_1
[2020-11-15 12:08:31,123] INFO [job.context_processors.seo_processor:29 context_processors] set processor cache.
[2020-11-15 12:08:31,128] INFO [yihang_website.utils.get_blog_setting:74 utils] set cache get_blog_setting
[2020-11-16 21:33:41,015] INFO [job.views.get_queryset_from_cache:70 views] set view cache.key:index_1
[2020-11-16 21:33:41,624] INFO [job.context_processors.seo_processor:29 context_processors] set processor cache.
[2020-11-16 21:33:41,672] INFO [yihang_website.utils.get_blog_setting:74 utils] set cache get_blog_setting
[2020-11-16 21:34:49,435] INFO [job.views.get_queryset_from_cache:70 views] set view cache.key:index_1
[2020-11-16 21:34:49,504] INFO [job.context_processors.seo_processor:29 context_processors] set processor cache.
[2020-11-16 21:34:49,527] INFO [yihang_website.utils.get_blog_setting:74 utils] set cache get_blog_setting
[2020-11-16 22:53:42,945] INFO [job.views.get_queryset_from_cache:70 views] set view cache.key:index_1
[2020-11-16 22:53:43,170] INFO [job.context_processors.seo_processor:29 context_processors] set processor cache.
[2020-11-16 22:53:43,207] INFO [yihang_website.utils.get_blog_setting:74 utils] set cache get_blog_setting
[2020-11-16 22:58:04,283] INFO [job.views.get_queryset_from_cache:70 views] set view cache.key:index_1
[2020-11-16 23:00:12,089] INFO [job.views.get_queryset_from_cache:70 views] set view cache.key:index_1
[2020-11-16 23:00:12,243] INFO [job.context_processors.seo_processor:29 context_processors] set processor cache.
[2020-11-16 23:00:12,252] INFO [yihang_website.utils.get_blog_setting:74 utils] set cache get_blog_setting
[2020-11-16 23:04:20,837] INFO [job.views.get_queryset_from_cache:70 views] set view cache.key:index_1
[2020-11-16 23:04:20,973] INFO [job.context_processors.seo_processor:29 context_processors] set processor cache.
[2020-11-16 23:04:20,993] INFO [yihang_website.utils.get_blog_setting:74 utils] set cache get_blog_setting
[2020-11-16 23:05:38,244] INFO [job.views.get_queryset_from_cache:70 views] set view cache.key:index_1
[2020-11-16 23:05:38,371] INFO [job.context_processors.seo_processor:29 context_processors] set processor cache.
[2020-11-16 23:05:38,434] INFO [yihang_website.utils.get_blog_setting:74 utils] set cache get_blog_setting
[2020-11-16 23:06:08,459] INFO [job.views.get_queryset_from_cache:70 views] set view cache.key:index_1
[2020-11-16 23:06:08,500] INFO [job.context_processors.seo_processor:29 context_processors] set processor cache.
[2020-11-16 23:06:08,504] INFO [yihang_website.utils.get_blog_setting:74 utils] set cache get_blog_setting
[2020-11-16 23:12:17,286] INFO [job.views.get_queryset_from_cache:70 views] set view cache.key:index_1
[2020-11-16 23:12:17,368] INFO [job.context_processors.seo_processor:29 context_processors] set processor cache.
[2020-11-16 23:12:17,387] INFO [yihang_website.utils.get_blog_setting:74 utils] set cache get_blog_setting
[2020-11-17 19:59:57,065] INFO [job.views.get_queryset_from_cache:70 views] set view cache.key:index_1
[2020-11-17 19:59:58,028] INFO [job.context_processors.seo_processor:29 context_processors] set processor cache.
[2020-11-17 19:59:58,071] INFO [yihang_website.utils.get_blog_setting:74 utils] set cache get_blog_setting
[2020-11-18 22:38:18,324] INFO [job.views.get_queryset_from_cache:70 views] set view cache.key:index_1
[2020-11-18 22:38:18,637] INFO [job.context_processors.seo_processor:29 context_processors] set processor cache.
[2020-11-18 22:38:18,668] INFO [yihang_website.utils.get_blog_setting:74 utils] set cache get_blog_setting
[2020-11-18 22:46:29,591] INFO [job.views.get_queryset_from_cache:70 views] set view cache.key:index_1
[2020-11-18 22:46:29,725] INFO [job.context_processors.seo_processor:29 context_processors] set processor cache.
[2020-11-18 22:46:29,736] INFO [yihang_website.utils.get_blog_setting:74 utils] set cache get_blog_setting
[2020-11-23 23:08:33,140] INFO [job.views.get_queryset_from_cache:70 views] set view cache.key:index_1
[2020-11-23 23:08:33,164] INFO [job.context_processors.seo_processor:29 context_processors] set processor cache.
[2020-11-23 23:08:33,172] INFO [yihang_website.utils.get_blog_setting:74 utils] set cache get_blog_setting
[2020-12-14 21:04:42,355] INFO [job.views.get_queryset_from_cache:70 views] set view cache.key:index_1
[2020-12-14 21:04:42,392] INFO [job.context_processors.seo_processor:29 context_processors] set processor cache.
[2020-12-14 21:04:42,400] INFO [yihang_website.utils.get_blog_setting:74 utils] set cache get_blog_setting
[2020-12-14 21:11:07,613] INFO [job.views.get_queryset_from_cache:71 views] set view cache.key:index_1
[2020-12-14 21:11:07,638] INFO [job.context_processors.seo_processor:29 context_processors] set processor cache.
[2020-12-14 21:11:07,644] INFO [yihang_website.utils.get_blog_setting:74 utils] set cache get_blog_setting
[2020-12-14 22:05:40,219] INFO [job.views.get_queryset_from_cache:71 views] set view cache.key:index_1
[2020-12-14 22:05:40,243] INFO [job.context_processors.seo_processor:29 context_processors] set processor cache.
[2020-12-14 22:05:40,248] INFO [yihang_website.utils.get_blog_setting:74 utils] set cache get_blog_setting
[2020-12-14 22:16:33,332] INFO [job.views.get_queryset_from_cache:71 views] set view cache.key:index_1
[2020-12-14 22:16:33,348] INFO [job.context_processors.seo_processor:29 context_processors] set processor cache.
[2020-12-14 22:16:33,353] INFO [yihang_website.utils.get_blog_setting:74 utils] set cache get_blog_setting
[2020-12-14 22:16:59,237] INFO [job.context_processors.seo_processor:29 context_processors] set processor cache.
[2020-12-14 22:16:59,241] INFO [yihang_website.utils.get_blog_setting:74 utils] set cache get_blog_setting
[2020-12-14 22:17:09,486] INFO [job.context_processors.seo_processor:29 context_processors] set processor cache.
[2020-12-14 22:17:09,490] INFO [yihang_website.utils.get_blog_setting:74 utils] set cache get_blog_setting
[2020-12-14 22:20:15,604] WARNING [django.security.csrf.log_response:228 log] Forbidden (CSRF cookie not set.): /admin/login/
[2020-12-14 22:20:26,395] INFO [job.views.get_queryset_from_cache:71 views] set view cache.key:index_1
[2020-12-14 22:20:26,411] INFO [job.context_processors.seo_processor:29 context_processors] set processor cache.
[2020-12-14 22:20:26,415] INFO [yihang_website.utils.get_blog_setting:74 utils] set cache get_blog_setting
[2020-12-14 22:20:35,389] INFO [job.context_processors.seo_processor:29 context_processors] set processor cache.
[2020-12-14 22:20:35,394] INFO [yihang_website.utils.get_blog_setting:74 utils] set cache get_blog_setting
[2020-12-14 22:20:42,932] INFO [job.context_processors.seo_processor:29 context_processors] set processor cache.
[2020-12-14 22:20:42,936] INFO [yihang_website.utils.get_blog_setting:74 utils] set cache get_blog_setting
[2020-12-14 22:20:47,908] INFO [job.context_processors.seo_processor:29 context_processors] set processor cache.
[2020-12-14 22:20:47,911] INFO [yihang_website.utils.get_blog_setting:74 utils] set cache get_blog_setting
[2020-12-14 22:20:53,034] INFO [yihang_website.utils.news:34 utils] cache_decorator set cache:get_current_site key:a1c4c5aa3eca25c66275ff2a95db0942
[2020-12-14 22:20:53,044] INFO [job.context_processors.seo_processor:29 context_processors] set processor cache.
[2020-12-14 22:20:53,049] INFO [yihang_website.utils.get_blog_setting:74 utils] set cache get_blog_setting
[2020-12-14 22:21:22,356] INFO [yihang_website.utils.news:34 utils] cache_decorator set cache:get_current_site key:a1c4c5aa3eca25c66275ff2a95db0942
[2020-12-14 22:21:22,363] INFO [job.context_processors.seo_processor:29 context_processors] set processor cache.
[2020-12-14 22:21:22,368] INFO [yihang_website.utils.get_blog_setting:74 utils] set cache get_blog_setting
[2020-12-14 22:21:44,252] INFO [yihang_website.utils.news:34 utils] cache_decorator set cache:get_current_site key:a1c4c5aa3eca25c66275ff2a95db0942
[2020-12-14 22:21:44,260] INFO [job.context_processors.seo_processor:29 context_processors] set processor cache.
[2020-12-14 22:21:44,264] INFO [yihang_website.utils.get_blog_setting:74 utils] set cache get_blog_setting
[2020-12-14 22:22:06,055] INFO [yihang_website.utils.news:34 utils] cache_decorator set cache:get_current_site key:a1c4c5aa3eca25c66275ff2a95db0942
[2020-12-14 22:22:06,061] INFO [job.context_processors.seo_processor:29 context_processors] set processor cache.
[2020-12-14 22:22:06,065] INFO [yihang_website.utils.get_blog_setting:74 utils] set cache get_blog_setting
[2020-12-14 22:22:22,259] INFO [yihang_website.utils.news:34 utils] cache_decorator set cache:get_current_site key:a1c4c5aa3eca25c66275ff2a95db0942
[2020-12-14 22:22:22,266] INFO [job.context_processors.seo_processor:29 context_processors] set processor cache.
[2020-12-14 22:22:22,270] INFO [yihang_website.utils.get_blog_setting:74 utils] set cache get_blog_setting
[2020-12-14 22:22:27,633] INFO [job.context_processors.seo_processor:29 context_processors] set processor cache.
[2020-12-14 22:22:27,637] INFO [yihang_website.utils.get_blog_setting:74 utils] set cache get_blog_setting
[2020-12-14 22:22:29,158] INFO [job.context_processors.seo_processor:29 context_processors] set processor cache.
[2020-12-14 22:22:29,163] INFO [yihang_website.utils.get_blog_setting:74 utils] set cache get_blog_setting
[2020-12-14 22:22:31,635] INFO [job.context_processors.seo_processor:29 context_processors] set processor cache.
[2020-12-14 22:22:31,638] INFO [yihang_website.utils.get_blog_setting:74 utils] set cache get_blog_setting
[2020-12-14 22:22:35,455] INFO [job.context_processors.seo_processor:29 context_processors] set processor cache.
[2020-12-14 22:22:35,460] INFO [yihang_website.utils.get_blog_setting:74 utils] set cache get_blog_setting
[2020-12-14 22:22:38,451] INFO [job.context_processors.seo_processor:29 context_processors] set processor cache.
[2020-12-14 22:22:38,455] INFO [yihang_website.utils.get_blog_setting:74 utils] set cache get_blog_setting
[2020-12-14 22:22:40,260] INFO [job.context_processors.seo_processor:29 context_processors] set processor cache.
[2020-12-14 22:22:40,264] INFO [yihang_website.utils.get_blog_setting:74 utils] set cache get_blog_setting
[2020-12-14 22:22:50,860] INFO [job.context_processors.seo_processor:29 context_processors] set processor cache.
[2020-12-14 22:22:50,863] INFO [yihang_website.utils.get_blog_setting:74 utils] set cache get_blog_setting
[2020-12-14 22:22:52,646] INFO [job.context_processors.seo_processor:29 context_processors] set processor cache.
[2020-12-14 22:22:52,649] INFO [yihang_website.utils.get_blog_setting:74 utils] set cache get_blog_setting
[2020-12-14 22:22:53,880] INFO [job.context_processors.seo_processor:29 context_processors] set processor cache.
[2020-12-14 22:22:53,884] INFO [yihang_website.utils.get_blog_setting:74 utils] set cache get_blog_setting
[2020-12-14 22:23:01,644] INFO [job.context_processors.seo_processor:29 context_processors] set processor cache.
[2020-12-14 22:23:01,649] INFO [yihang_website.utils.get_blog_setting:74 utils] set cache get_blog_setting
[2020-12-14 22:23:11,063] INFO [job.context_processors.seo_processor:29 context_processors] set processor cache.
[2020-12-14 22:23:11,067] INFO [yihang_website.utils.get_blog_setting:74 utils] set cache get_blog_setting
[2020-12-14 22:23:22,897] INFO [job.context_processors.seo_processor:29 context_processors] set processor cache.
[2020-12-14 22:23:22,901] INFO [yihang_website.utils.get_blog_setting:74 utils] set cache get_blog_setting
[2020-12-14 22:23:29,319] INFO [job.context_processors.seo_processor:29 context_processors] set processor cache.
[2020-12-14 22:23:29,323] INFO [yihang_website.utils.get_blog_setting:74 utils] set cache get_blog_setting
[2020-12-14 22:23:32,907] INFO [job.context_processors.seo_processor:29 context_processors] set processor cache.
[2020-12-14 22:23:32,910] INFO [yihang_website.utils.get_blog_setting:74 utils] set cache get_blog_setting
[2020-12-14 22:23:35,106] INFO [job.context_processors.seo_processor:29 context_processors] set processor cache.
[2020-12-14 22:23:35,109] INFO [yihang_website.utils.get_blog_setting:74 utils] set cache get_blog_setting
[2020-12-14 22:23:37,072] INFO [job.context_processors.seo_processor:29 context_processors] set processor cache.
[2020-12-14 22:23:37,076] INFO [yihang_website.utils.get_blog_setting:74 utils] set cache get_blog_setting
[2020-12-14 22:23:48,793] INFO [job.context_processors.seo_processor:29 context_processors] set processor cache.
[2020-12-14 22:23:48,797] INFO [yihang_website.utils.get_blog_setting:74 utils] set cache get_blog_setting
[2020-12-14 22:23:51,884] INFO [job.context_processors.seo_processor:29 context_processors] set processor cache.
[2020-12-14 22:23:51,890] INFO [yihang_website.utils.get_blog_setting:74 utils] set cache get_blog_setting
[2020-12-14 22:23:56,262] INFO [job.context_processors.seo_processor:29 context_processors] set processor cache.
[2020-12-14 22:23:56,266] INFO [yihang_website.utils.get_blog_setting:74 utils] set cache get_blog_setting
[2020-12-14 22:24:06,523] INFO [job.context_processors.seo_processor:29 context_processors] set processor cache.
[2020-12-14 22:24:06,527] INFO [yihang_website.utils.get_blog_setting:74 utils] set cache get_blog_setting
[2020-12-14 22:24:07,580] INFO [job.context_processors.seo_processor:29 context_processors] set processor cache.
[2020-12-14 22:24:07,583] INFO [yihang_website.utils.get_blog_setting:74 utils] set cache get_blog_setting
[2020-12-14 22:24:11,983] INFO [job.context_processors.seo_processor:29 context_processors] set processor cache.
[2020-12-14 22:24:11,987] INFO [yihang_website.utils.get_blog_setting:74 utils] set cache get_blog_setting
[2020-12-14 22:25:13,224] INFO [yihang_website.utils.news:34 utils] cache_decorator set cache:get_current_site key:a1c4c5aa3eca25c66275ff2a95db0942
[2020-12-14 22:25:13,232] INFO [job.context_processors.seo_processor:29 context_processors] set processor cache.
[2020-12-14 22:25:13,236] INFO [yihang_website.utils.get_blog_setting:74 utils] set cache get_blog_setting
[2020-12-14 22:26:32,802] INFO [job.context_processors.seo_processor:29 context_processors] set processor cache.
[2020-12-14 22:26:32,805] INFO [yihang_website.utils.get_blog_setting:74 utils] set cache get_blog_setting
[2020-12-14 22:26:39,749] INFO [job.context_processors.seo_processor:29 context_processors] set processor cache.
[2020-12-14 22:26:39,753] INFO [yihang_website.utils.get_blog_setting:74 utils] set cache get_blog_setting
[2020-12-14 22:26:48,294] INFO [job.context_processors.seo_processor:29 context_processors] set processor cache.
[2020-12-14 22:26:48,298] INFO [yihang_website.utils.get_blog_setting:74 utils] set cache get_blog_setting
[2020-12-14 22:26:54,864] INFO [job.views.get_queryset_from_cache:71 views] set view cache.key:index_1
[2020-12-14 22:26:54,885] INFO [job.context_processors.seo_processor:29 context_processors] set processor cache.
[2020-12-14 22:26:54,890] INFO [yihang_website.utils.get_blog_setting:74 utils] set cache get_blog_setting
[2020-12-14 22:30:45,907] INFO [job.views.get_queryset_from_cache:71 views] set view cache.key:index_1
[2020-12-14 22:30:45,937] INFO [job.context_processors.seo_processor:29 context_processors] set processor cache.
[2020-12-14 22:30:45,947] INFO [yihang_website.utils.get_blog_setting:74 utils] set cache get_blog_setting
[2020-12-14 22:59:56,609] INFO [job.views.get_queryset_from_cache:71 views] set view cache.key:index_1
[2020-12-14 22:59:56,643] INFO [job.context_processors.seo_processor:29 context_processors] set processor cache.
[2020-12-14 22:59:56,650] INFO [yihang_website.utils.get_blog_setting:74 utils] set cache get_blog_setting
[2020-12-14 23:01:16,722] INFO [job.views.get_queryset_from_cache:71 views] set view cache.key:index_1
[2020-12-14 23:01:16,759] INFO [job.context_processors.seo_processor:29 context_processors] set processor cache.
[2020-12-14 23:01:16,766] INFO [yihang_website.utils.get_blog_setting:74 utils] set cache get_blog_setting
[2020-12-14 23:03:29,744] INFO [job.views.get_queryset_from_cache:71 views] set view cache.key:index_1
[2020-12-14 23:03:29,777] INFO [job.context_processors.seo_processor:29 context_processors] set processor cache.
[2020-12-14 23:03:29,784] INFO [yihang_website.utils.get_blog_setting:74 utils] set cache get_blog_setting
[2020-12-14 23:04:26,210] INFO [job.views.get_queryset_from_cache:71 views] set view cache.key:index_1
[2020-12-14 23:04:26,230] INFO [job.context_processors.seo_processor:29 context_processors] set processor cache.
[2020-12-14 23:04:26,237] INFO [yihang_website.utils.get_blog_setting:74 utils] set cache get_blog_setting
[2020-12-14 23:04:30,601] INFO [job.views.get_queryset_from_cache:71 views] set view cache.key:index_1
[2020-12-14 23:04:30,610] INFO [job.context_processors.seo_processor:29 context_processors] set processor cache.
[2020-12-14 23:04:30,613] INFO [yihang_website.utils.get_blog_setting:74 utils] set cache get_blog_setting
[2020-12-14 23:05:08,662] INFO [job.views.get_queryset_from_cache:71 views] set view cache.key:index_1
[2020-12-14 23:05:08,688] INFO [job.context_processors.seo_processor:29 context_processors] set processor cache.
[2020-12-14 23:05:08,691] INFO [yihang_website.utils.get_blog_setting:74 utils] set cache get_blog_setting
[2020-12-14 23:09:27,948] INFO [job.views.get_queryset_from_cache:71 views] set view cache.key:index_1
[2020-12-14 23:09:27,973] INFO [job.context_processors.seo_processor:29 context_processors] set processor cache.
[2020-12-14 23:09:27,981] INFO [yihang_website.utils.get_blog_setting:74 utils] set cache get_blog_setting
[2020-12-14 23:12:05,954] INFO [job.views.get_queryset_from_cache:71 views] set view cache.key:index_1
[2020-12-14 23:12:05,980] INFO [job.context_processors.seo_processor:29 context_processors] set processor cache.
[2020-12-14 23:12:05,984] INFO [yihang_website.utils.get_blog_setting:74 utils] set cache get_blog_setting
[2020-12-14 23:12:10,787] INFO [job.context_processors.seo_processor:29 context_processors] set processor cache.
[2020-12-14 23:12:10,790] INFO [yihang_website.utils.get_blog_setting:74 utils] set cache get_blog_setting
[2020-12-14 23:13:46,185] INFO [job.views.get_queryset_from_cache:71 views] set view cache.key:index_1
[2020-12-14 23:13:46,199] INFO [job.context_processors.seo_processor:29 context_processors] set processor cache.
[2020-12-14 23:13:46,202] INFO [yihang_website.utils.get_blog_setting:74 utils] set cache get_blog_setting
[2020-12-14 23:13:52,092] INFO [job.context_processors.seo_processor:29 context_processors] set processor cache.
[2020-12-14 23:13:52,096] INFO [yihang_website.utils.get_blog_setting:74 utils] set cache get_blog_setting
[2020-12-14 23:14:25,617] INFO [job.context_processors.seo_processor:29 context_processors] set processor cache.
[2020-12-14 23:14:25,621] INFO [yihang_website.utils.get_blog_setting:74 utils] set cache get_blog_setting
[2020-12-14 23:31:22,743] INFO [job.views.get_queryset_from_cache:71 views] set view cache.key:index_1
[2020-12-14 23:31:22,761] INFO [job.context_processors.seo_processor:29 context_processors] set processor cache.
[2020-12-14 23:31:22,765] INFO [yihang_website.utils.get_blog_setting:74 utils] set cache get_blog_setting
[2020-12-14 23:31:27,011] INFO [job.context_processors.seo_processor:29 context_processors] set processor cache.
[2020-12-14 23:31:27,014] INFO [yihang_website.utils.get_blog_setting:74 utils] set cache get_blog_setting
[2020-12-14 23:33:06,788] INFO [job.views.get_queryset_from_cache:71 views] set view cache.key:index_1
[2020-12-14 23:33:06,806] INFO [job.context_processors.seo_processor:29 context_processors] set processor cache.
[2020-12-14 23:33:06,814] INFO [yihang_website.utils.get_blog_setting:74 utils] set cache get_blog_setting
[2020-12-14 23:33:10,232] INFO [job.context_processors.seo_processor:29 context_processors] set processor cache.
[2020-12-14 23:33:10,236] INFO [yihang_website.utils.get_blog_setting:74 utils] set cache get_blog_setting
[2020-12-14 23:33:17,945] INFO [job.context_processors.seo_processor:29 context_processors] set processor cache.
[2020-12-14 23:33:17,947] INFO [yihang_website.utils.get_blog_setting:74 utils] set cache get_blog_setting
